<?xml version="1.0" encoding="utf-8"?>
<coverage line-rate="1" branch-rate="1" version="1.9" timestamp="1566899017" lines-covered="3" lines-valid="3" branches-covered="0" branches-valid="0">
  <sources>
    <source></source>
  </sources>
  <packages>
    <package name="dotNetCore.Lib" line-rate="1" branch-rate="1" complexity="1">
      <classes>
        <class name="dotNetCore.Lib.HelloWorld" filename="D:\Code\github.com\Lett.ProjectTemplate\src\dotNetCore.Lib\HelloWorld.cs" line-rate="1" branch-rate="1" complexity="1">
          <methods>
            <method name="SayHello" signature="()" line-rate="1" branch-rate="1">
              <lines>
                <line number="8" hits="1" branch="False" />
                <line number="9" hits="1" branch="False" />
                <line number="10" hits="1" branch="False" />
              </lines>
            </method>
          </methods>
          <lines>
            <line number="8" hits="1" branch="False" />
            <line number="9" hits="1" branch="False" />
            <line number="10" hits="1" branch="False" />
          </lines>
        </class>
      </classes>
    </package>
  </packages>
</coverage>